<?xml version="1.0" encoding="UTF-8"?>
<!-- Generated by org.testng.reporters.JUnitReportReporter -->
<testsuite hostname="LAPTOP-O8J358JO" failures="0" tests="2" name="Runner.launch_browser" time="0.018" errors="0" timestamp="2025-01-18T10:59:28 IST" skipped="0">
  <testcase classname="Runner.launch_browser" name="Launch_Browser" time="0.003"/>
  <testcase classname="Runner.launch_browser" name="Launch_Browse2" time="0.015"/>
</testsuite> <!-- Runner.launch_browser -->
