<?xml version="1.0" encoding="UTF-8"?>
<!-- Generated by org.testng.reporters.JUnitReportReporter -->
<testsuite hostname="LAPTOP-O8J358JO" failures="0" tests="6" name="java_practice.string_programs" time="0.011" errors="0" timestamp="2025-02-11T10:10:30 IST" skipped="5">
  <testcase classname="java_practice.string_programs" name="reverse_the_sentance" time="0.011"/>
  <testcase classname="java_practice.string_programs" name="duplicate_char_count">
    <skipped/>
  </testcase> <!-- duplicate_char_count -->
  <testcase classname="java_practice.string_programs" name="reverse_string">
    <skipped/>
  </testcase> <!-- reverse_string -->
  <testcase classname="java_practice.string_programs" name="duplicate_words">
    <skipped/>
  </testcase> <!-- duplicate_words -->
  <testcase classname="java_practice.string_programs" name="string_palindrom">
    <skipped/>
  </testcase> <!-- string_palindrom -->
  <testcase classname="java_practice.string_programs" name="reverse_string_buildin">
    <skipped/>
  </testcase> <!-- reverse_string_buildin -->
</testsuite> <!-- java_practice.string_programs -->
