<?xml version="1.0" encoding="UTF-8"?>
<!-- Generated by org.testng.reporters.JUnitReportReporter -->
<testsuite hostname="LAPTOP-O8J358JO" failures="0" tests="7" name="Interview_Programs.arrays_program" time="0.013" errors="0" timestamp="2025-03-13T18:17:54 IST" skipped="5">
  <testcase classname="Interview_Programs.arrays_program" name="duplicate_in_array_using_set" time="0.008"/>
  <testcase classname="Interview_Programs.arrays_program" name="min_and_maximum" time="0.005"/>
  <testcase classname="Interview_Programs.arrays_program" name="sum_of_arrays">
    <skipped/>
  </testcase> <!-- sum_of_arrays -->
  <testcase classname="Interview_Programs.arrays_program" name="common_values_in_two_array">
    <skipped/>
  </testcase> <!-- common_values_in_two_array -->
  <testcase classname="Interview_Programs.arrays_program" name="to_list">
    <skipped/>
  </testcase> <!-- to_list -->
  <testcase classname="Interview_Programs.arrays_program" name="odd_even_in_array">
    <skipped/>
  </testcase> <!-- odd_even_in_array -->
  <testcase classname="Interview_Programs.arrays_program" name="arr_sort">
    <skipped/>
  </testcase> <!-- arr_sort -->
</testsuite> <!-- Interview_Programs.arrays_program -->
