<?xml version="1.0" encoding="UTF-8"?>
<!-- Generated by org.testng.reporters.JUnitReportReporter -->
<testsuite hostname="LAPTOP-O8J358JO" failures="0" tests="4" name="Selenium.alerts" time="27.746" errors="0" timestamp="2025-01-06T13:34:18 IST" skipped="3">
  <testcase classname="Selenium.alerts" name="sendkey" time="27.746"/>
  <testcase classname="Selenium.alerts" name="dismiss">
    <skipped/>
  </testcase> <!-- dismiss -->
  <testcase classname="Selenium.alerts" name="accepts">
    <skipped/>
  </testcase> <!-- accepts -->
  <testcase classname="Selenium.alerts" name="accepts_5sec">
    <skipped/>
  </testcase> <!-- accepts_5sec -->
</testsuite> <!-- Selenium.alerts -->
