<?xml version="1.0" encoding="UTF-8"?>
<!-- Generated by org.testng.reporters.JUnitReportReporter -->
<testsuite hostname="LAPTOP-O8J358JO" failures="0" tests="2" name="Interview_Programs.arrays_program" time="0.015" errors="0" timestamp="2025-02-14T21:50:17 IST" skipped="1">
  <testcase classname="Interview_Programs.arrays_program" name="min_and_maximum" time="0.015"/>
  <testcase classname="Interview_Programs.arrays_program" name="sum_of_arrays">
    <skipped/>
  </testcase> <!-- sum_of_arrays -->
</testsuite> <!-- Interview_Programs.arrays_program -->
