<?xml version="1.0" encoding="UTF-8"?>
<!-- Generated by org.testng.reporters.JUnitReportReporter -->
<testsuite hostname="LAPTOP-O8J358JO" failures="0" tests="7" name="Interview_Programs.string_programs" time="0.014" errors="0" timestamp="2025-02-20T08:51:11 IST" skipped="5">
  <testcase classname="Interview_Programs.string_programs" name="reverse_the_sentance" time="0.012"/>
  <testcase classname="Interview_Programs.string_programs" name="reverse_word" time="0.002"/>
  <testcase classname="Interview_Programs.string_programs" name="reverse_string">
    <skipped/>
  </testcase> <!-- reverse_string -->
  <testcase classname="Interview_Programs.string_programs" name="string_palindrom">
    <skipped/>
  </testcase> <!-- string_palindrom -->
  <testcase classname="Interview_Programs.string_programs" name="duplicate_char_count">
    <skipped/>
  </testcase> <!-- duplicate_char_count -->
  <testcase classname="Interview_Programs.string_programs" name="reverse_string_buildin">
    <skipped/>
  </testcase> <!-- reverse_string_buildin -->
  <testcase classname="Interview_Programs.string_programs" name="duplicate_words">
    <skipped/>
  </testcase> <!-- duplicate_words -->
</testsuite> <!-- Interview_Programs.string_programs -->
