<?xml version="1.0" encoding="UTF-8"?>
<!-- Generated by org.testng.reporters.JUnitReportReporter -->
<testsuite hostname="LAPTOP-O8J358JO" failures="0" tests="1" name="Selenium.drivers" time="7.684" errors="0" timestamp="2025-01-06T12:33:06 IST" skipped="0">
  <testcase classname="Selenium.drivers" name="launch_browser" time="7.684"/>
</testsuite> <!-- Selenium.drivers -->
