<?xml version="1.0" encoding="UTF-8"?>
<!-- Generated by org.testng.reporters.JUnitReportReporter -->
<testsuite hostname="LAPTOP-O8J358JO" failures="0" tests="3" name="Selenium.Optionss" time="7.182" errors="0" timestamp="2025-01-29T22:06:55 IST" skipped="2">
  <testcase classname="Selenium.Optionss" name="build_info" time="7.182"/>
  <testcase classname="Selenium.Optionss" name="new_window">
    <skipped/>
  </testcase> <!-- new_window -->
  <testcase classname="Selenium.Optionss" name="cookiee">
    <skipped/>
  </testcase> <!-- cookiee -->
</testsuite> <!-- Selenium.Optionss -->
