<?xml version="1.0" encoding="UTF-8"?>
<!-- Generated by org.testng.reporters.JUnitReportReporter -->
<testsuite hostname="LAPTOP-O8J358JO" failures="0" tests="1" name="Selenium.windowss" time="21.780" errors="0" timestamp="2025-01-06T19:09:31 IST" skipped="0">
  <testcase classname="Selenium.windowss" name="get_window_size" time="21.780"/>
</testsuite> <!-- Selenium.windowss -->
