<?xml version="1.0" encoding="UTF-8"?>
<!-- Generated by org.testng.reporters.JUnitReportReporter -->
<testsuite hostname="LAPTOP-O8J358JO" failures="0" tests="6" name="Interview_Programs.int_programs" time="0.013" errors="0" timestamp="2025-02-28T22:39:53 IST" skipped="5">
  <testcase classname="Interview_Programs.int_programs" name="swaping_of_two_numbers" time="0.013"/>
  <testcase classname="Interview_Programs.int_programs" name="fibonoci">
    <skipped/>
  </testcase> <!-- fibonoci -->
  <testcase classname="Interview_Programs.int_programs" name="Prime_Number">
    <skipped/>
  </testcase> <!-- Prime_Number -->
  <testcase classname="Interview_Programs.int_programs" name="odd_or_even">
    <skipped/>
  </testcase> <!-- odd_or_even -->
  <testcase classname="Interview_Programs.int_programs" name="factorial">
    <skipped/>
  </testcase> <!-- factorial -->
  <testcase classname="Interview_Programs.int_programs" name="leap_yaer">
    <skipped/>
  </testcase> <!-- leap_yaer -->
</testsuite> <!-- Interview_Programs.int_programs -->
