<?xml version="1.0" encoding="UTF-8"?>
<!-- Generated by org.testng.reporters.JUnitReportReporter -->
<testsuite hostname="LAPTOP-O8J358JO" failures="0" tests="1" name="stream.StreamAPI" time="0.022" errors="0" timestamp="2025-01-04T10:49:33 IST" skipped="0">
  <testcase classname="stream.StreamAPI" name="psvm" time="0.022"/>
</testsuite> <!-- stream.StreamAPI -->
