<?xml version="1.0" encoding="UTF-8"?>
<!-- Generated by org.testng.reporters.JUnitReportReporter -->
<testsuite hostname="LAPTOP-O8J358JO" failures="0" tests="9" name="Interview_Programs.string_programs" time="0.012" errors="0" timestamp="2025-02-28T22:31:31 IST" skipped="8">
  <testcase classname="Interview_Programs.string_programs" name="sum_of_string_array" time="0.012"/>
  <testcase classname="Interview_Programs.string_programs" name="duplicate_words">
    <skipped/>
  </testcase> <!-- duplicate_words -->
  <testcase classname="Interview_Programs.string_programs" name="string_palindrom">
    <skipped/>
  </testcase> <!-- string_palindrom -->
  <testcase classname="Interview_Programs.string_programs" name="reverse_word">
    <skipped/>
  </testcase> <!-- reverse_word -->
  <testcase classname="Interview_Programs.string_programs" name="duplicate_char_count">
    <skipped/>
  </testcase> <!-- duplicate_char_count -->
  <testcase classname="Interview_Programs.string_programs" name="reverse_string_buildin">
    <skipped/>
  </testcase> <!-- reverse_string_buildin -->
  <testcase classname="Interview_Programs.string_programs" name="reverse_the_sentance">
    <skipped/>
  </testcase> <!-- reverse_the_sentance -->
  <testcase classname="Interview_Programs.string_programs" name="reverse_string">
    <skipped/>
  </testcase> <!-- reverse_string -->
  <testcase classname="Interview_Programs.string_programs" name="sum_fo_string">
    <skipped/>
  </testcase> <!-- sum_fo_string -->
</testsuite> <!-- Interview_Programs.string_programs -->
